260304 13:46:38 mysqld_safe Starting mariadbd daemon with databases from /config/databases
2026-03-04 13:46:38 0 [Note] Starting MariaDB 11.4.9-MariaDB-log source revision aa6a2e6bf05d43c3bb44db50566937a5f97a6580 server_uid RHRUmWAvKWXd6ePlHEM1ZCKfy7k= as process 493
2026-03-04 13:46:38 0 [Note] InnoDB: Compressed tables use zlib 1.3.1
2026-03-04 13:46:38 0 [Note] InnoDB: Number of transaction pools: 1
2026-03-04 13:46:38 0 [Note] InnoDB: Using crc32 + pclmulqdq instructions
2026-03-04 13:46:38 0 [Note] InnoDB: Using Linux native AIO
2026-03-04 13:46:38 0 [Note] InnoDB: innodb_buffer_pool_size_max=256m, innodb_buffer_pool_size=256m
2026-03-04 13:46:38 0 [Note] InnoDB: Completed initialization of buffer pool
2026-03-04 13:46:38 0 [Note] InnoDB: Buffered log writes (block size=512 bytes)
2026-03-04 13:46:38 0 [Note] InnoDB: End of log at LSN=46234
2026-03-04 13:46:38 0 [Note] InnoDB: Opened 3 undo tablespaces
2026-03-04 13:46:38 0 [Note] InnoDB: 128 rollback segments in 3 undo tablespaces are active.
2026-03-04 13:46:38 0 [Note] InnoDB: Setting file './ibtmp1' size to 12.000MiB. Physically writing the file full; Please wait ...
2026-03-04 13:46:38 0 [Note] InnoDB: File './ibtmp1' size is now 12.000MiB.
2026-03-04 13:46:38 0 [Note] InnoDB: log sequence number 46234; transaction id 14
2026-03-04 13:46:38 0 [Note] Plugin 'FEEDBACK' is disabled.
2026-03-04 13:46:38 0 [Note] InnoDB: Loading buffer pool(s) from /config/databases/ib_buffer_pool
2026-03-04 13:46:38 0 [Note] Plugin 'wsrep-provider' is disabled.
2026-03-04 13:46:38 0 [Note] InnoDB: Buffer pool(s) load completed at 260304 13:46:38
2026-03-04 13:46:38 0 [Note] Server socket created on IP: '0.0.0.0', port: '3306'.
2026-03-04 13:46:38 0 [Note] Server socket created on IP: '::', port: '3306'.
2026-03-04 13:46:38 0 [Note] mariadbd: Event Scheduler: Loaded 0 events
2026-03-04 13:46:38 0 [Note] /usr/bin/mariadbd: ready for connections.
Version: '11.4.9-MariaDB-log'  socket: '/run/mysqld/mysqld.sock'  port: 3306  Alpine Linux
2026-03-04 13:46:39 4 [Warning] Aborted connection 4 to db: 'unconnected' user: 'unauthenticated' host: 'localhost' (This connection closed normally without authentication)
2026-03-04 13:46:39 6 [Warning] Access denied for user 'root'@'localhost' (using password: YES)
2026-03-04 13:53:05 7 [Warning] Aborted connection 7 to db: 'unconnected' user: 'unauthenticated' host: 'bookstack.pre_cdd_default' (This connection closed normally without authentication)
2026-03-04 13:53:10 8 [Warning] Access denied for user 'database_username'@'bookstack.pre_cdd_default' (using password: YES)
2026-03-04 13:53:10 9 [Warning] Access denied for user 'database_username'@'bookstack.pre_cdd_default' (using password: YES)
2026-03-04 13:53:10 10 [Warning] Access denied for user 'database_username'@'bookstack.pre_cdd_default' (using password: YES)
2026-03-04 13:53:10 11 [Warning] Access denied for user 'database_username'@'bookstack.pre_cdd_default' (using password: YES)
2026-03-04 13:54:20 12 [Warning] Aborted connection 12 to db: 'unconnected' user: 'unauthenticated' host: 'bookstack.pre_cdd_default' (This connection closed normally without authentication)
2026-03-04 14:01:48 21 [Warning] Aborted connection 21 to db: 'unconnected' user: 'unauthenticated' host: 'bookstack.pre_cdd_default' (This connection closed normally without authentication)
2026-03-04 14:04:05 34 [Warning] Aborted connection 34 to db: 'unconnected' user: 'unauthenticated' host: 'bookstack.pre_cdd_default' (This connection closed normally without authentication)
